TACC:  Starting up job 5407422 
TACC:  Starting parallel tasks... 
[mpiexec@c204-019.frontera.tacc.utexas.edu] Sending Ctrl-C to processes as requested
[mpiexec@c204-019.frontera.tacc.utexas.edu] Press Ctrl-C again to force abort
forrtl: error (69): process interrupted (SIGINT)
Image              PC                Routine            Line        Source             
pw.x               00000000015DD0FB  Unknown               Unknown  Unknown
libpthread-2.17.s  00002AE41C26F630  Unknown               Unknown  Unknown
libpthread-2.17.s  00002AE41C26C573  pthread_spin_lock     Unknown  Unknown
forrtl: error (69): process interrupted (SIGINT)
Image              PC                Routine            Line        Source             
pw.x               00000000015DD0FB  Unknown               Unknown  Unknown
libpthread-2.17.s  00002B50D55BD630  Unknown               Unknown  Unknown
libpthread-2.17.s  00002B50D55BA585  pthread_spin_lock     Unknown  Unknown
forrtl: error (69): process interrupted (SIGINT)
Image              PC                Routine            Line        Source             
pw.x               00000000015DD0FB  Unknown               Unknown  Unknown
libpthread-2.17.s  00002B3AE7980630  Unknown               Unknown  Unknown
libpthread-2.17.s  00002B3AE797D582  pthread_spin_lock     Unknown  Unknown
forrtl: error (69): process interrupted (SIGINT)
Image              PC                Routine            Line        Source             
pw.x               00000000015DD0FB  Unknown               Unknown  Unknown
libpthread-2.17.s  00002B9852746630  Unknown               Unknown  Unknown
libmpi.so.12.0.0   00002B9853636AD0  Unknown               Unknown  Unknown
libmpi.so.12.0.0   00002B98535BCAEC  Unknown               Unknown  Unknown
libmpi.so.12.0.0   00002B98535A11FC  Unknown               Unknown  Unknown
libmpi.so.12.0.0   00002B9853581F1E  Unknown               Unknown  Unknown
libmpi.so.12.0.0   00002B985364A12D  Unknown               Unknown  Unknown
libmpi.so.12.0.0   00002B9853564AD9  MPI_Bcast             Unknown  Unknown
libmpifort.so.12.  00002B9853157924  pmpi_bcast            Unknown  Unknown
pw.x               0000000000EA97DD  mp_mp_mp_count_no        2869  mp.f90
pw.x               0000000000AC9A4A  mp_world_mp_mp_wo          84  mp_world.f90
pw.x               0000000000AC9546  mp_global_mp_mp_s          71  mp_global.f90
pw.x               000000000040EE00  MAIN__                     58  pwscf.f90
pw.x               000000000040ED92  Unknown               Unknown  Unknown
libc-2.17.so       00002B98549B7555  __libc_start_main     Unknown  Unknown
pw.x               000000000040ECA9  Unknown               Unknown  Unknown
forrtl: error (69): process interrupted (SIGINT)
Image              PC                Routine            Line        Source             
pw.x               00000000015DD0FB  Unknown               Unknown  Unknown
libpthread-2.17.s  00002AD81D086630  Unknown               Unknown  Unknown
libmpi.so.12.0.0   00002AD81DF76AD0  Unknown               Unknown  Unknown
libmpi.so.12.0.0   00002AD81DEFCAEC  Unknown               Unknown  Unknown
libmpi.so.12.0.0   00002AD81DEE11FC  Unknown               Unknown  Unknown
libmpi.so.12.0.0   00002AD81DEC1F1E  Unknown               Unknown  Unknown
libmpi.so.12.0.0   00002AD81DF8A12D  Unknown               Unknown  Unknown
libmpi.so.12.0.0   00002AD81DEA4AD9  MPI_Bcast             Unknown  Unknown
libmpifort.so.12.  00002AD81DA97924  pmpi_bcast            Unknown  Unknown
pw.x               0000000000EA97DD  mp_mp_mp_count_no        2869  mp.f90
pw.x               0000000000AC9A4A  mp_world_mp_mp_wo          84  mp_world.f90
pw.x               0000000000AC9546  mp_global_mp_mp_s          71  mp_global.f90
pw.x               000000000040EE00  MAIN__                     58  pwscf.f90
pw.x               000000000040ED92  Unknown               Unknown  Unknown
libc-2.17.so       00002AD81F2F7555  __libc_start_main     Unknown  Unknown
pw.x               000000000040ECA9  Unknown               Unknown  Unknown
forrtl: error (69): process interrupted (SIGINT)
Image              PC                Routine            Line        Source             
pw.x               00000000015DD0FB  Unknown               Unknown  Unknown
libpthread-2.17.s  00002ADB314C4630  Unknown               Unknown  Unknown
libmpi.so.12.0.0   00002ADB323B4AD0  Unknown               Unknown  Unknown
libmpi.so.12.0.0   00002ADB3233AAEC  Unknown               Unknown  Unknown
libmpi.so.12.0.0   00002ADB3231F1FC  Unknown               Unknown  Unknown
libmpi.so.12.0.0   00002ADB322FFF1E  Unknown               Unknown  Unknown
libmpi.so.12.0.0   00002ADB323C812D  Unknown               Unknown  Unknown
libmpi.so.12.0.0   00002ADB322E2AD9  MPI_Bcast             Unknown  Unknown
libmpifort.so.12.  00002ADB31ED5924  pmpi_bcast            Unknown  Unknown
pw.x               0000000000EA97DD  mp_mp_mp_count_no        2869  mp.f90
pw.x               0000000000AC9A4A  mp_world_mp_mp_wo          84  mp_world.f90
pw.x               0000000000AC9546  mp_global_mp_mp_s          71  mp_global.f90
pw.x               000000000040EE00  MAIN__                     58  pwscf.f90
pw.x               000000000040ED92  Unknown               Unknown  Unknown
libc-2.17.so       00002ADB33735555  __libc_start_main     Unknown  Unknown
pw.x               000000000040ECA9  Unknown               Unknown  Unknown
forrtl: error (69): process interrupted (SIGINT)
Image              PC                Routine            Line        Source             
pw.x               00000000015DD0FB  Unknown               Unknown  Unknown
libpthread-2.17.s  00002B8BEE785630  Unknown               Unknown  Unknown
libmpi.so.12.0.0   00002B8BEF675AD0  Unknown               Unknown  Unknown
libmpi.so.12.0.0   00002B8BEF5FBAEC  Unknown               Unknown  Unknown
libmpi.so.12.0.0   00002B8BEF5E01FC  Unknown               Unknown  Unknown
libmpi.so.12.0.0   00002B8BEF5C0F1E  Unknown               Unknown  Unknown
libmpi.so.12.0.0   00002B8BEF68912D  Unknown               Unknown  Unknown
libmpi.so.12.0.0   00002B8BEF5A3AD9  MPI_Bcast             Unknown  Unknown
libmpifort.so.12.  00002B8BEF196924  pmpi_bcast            Unknown  Unknown
pw.x               0000000000EA97DD  mp_mp_mp_count_no        2869  mp.f90
pw.x               0000000000AC9A4A  mp_world_mp_mp_wo          84  mp_world.f90
pw.x               0000000000AC9546  mp_global_mp_mp_s          71  mp_global.f90
pw.x               000000000040EE00  MAIN__                     58  pwscf.f90
pw.x               000000000040ED92  Unknown               Unknown  Unknown
libc-2.17.so       00002B8BF09F6555  __libc_start_main     Unknown  Unknown
pw.x               000000000040ECA9  Unknown               Unknown  Unknown
forrtl: error (69): process interrupted (SIGINT)
Image              PC                Routine            Line        Source             
pw.x               00000000015DD0FB  Unknown               Unknown  Unknown
libpthread-2.17.s  00002B434E9FF630  Unknown               Unknown  Unknown
libmpi.so.12.0.0   00002B434F8EFAD5  Unknown               Unknown  Unknown
libmpi.so.12.0.0   00002B434F875AEC  Unknown               Unknown  Unknown
libmpi.so.12.0.0   00002B434F85A1FC  Unknown               Unknown  Unknown
libmpi.so.12.0.0   00002B434F83AF1E  Unknown               Unknown  Unknown
libmpi.so.12.0.0   00002B434F90312D  Unknown               Unknown  Unknown
libmpi.so.12.0.0   00002B434F81DAD9  MPI_Bcast             Unknown  Unknown
libmpifort.so.12.  00002B434F410924  pmpi_bcast            Unknown  Unknown
pw.x               0000000000EA97DD  mp_mp_mp_count_no        2869  mp.f90
pw.x               0000000000AC9A4A  mp_world_mp_mp_wo          84  mp_world.f90
pw.x               0000000000AC9546  mp_global_mp_mp_s          71  mp_global.f90
pw.x               000000000040EE00  MAIN__                     58  pwscf.f90
pw.x               000000000040ED92  Unknown               Unknown  Unknown
libc-2.17.so       00002B4350C70555  __libc_start_main     Unknown  Unknown
pw.x               000000000040ECA9  Unknown               Unknown  Unknown
forrtl: error (69): process interrupted (SIGINT)
Image              PC                Routine            Line        Source             
pw.x               00000000015DD0FB  Unknown               Unknown  Unknown
libpthread-2.17.s  00002AC9D0CD1630  Unknown               Unknown  Unknown
libmpi.so.12.0.0   00002AC9D1BC1AD0  Unknown               Unknown  Unknown
libmpi.so.12.0.0   00002AC9D1B47AEC  Unknown               Unknown  Unknown
libmpi.so.12.0.0   00002AC9D1B2C1FC  Unknown               Unknown  Unknown
libmpi.so.12.0.0   00002AC9D1B0CF1E  Unknown               Unknown  Unknown
libmpi.so.12.0.0   00002AC9D1BD512D  Unknown               Unknown  Unknown
libmpi.so.12.0.0   00002AC9D1AEFAD9  MPI_Bcast             Unknown  Unknown
libmpifort.so.12.  00002AC9D16E2924  pmpi_bcast            Unknown  Unknown
pw.x               0000000000EA97DD  mp_mp_mp_count_no        2869  mp.f90
pw.x               0000000000AC9A4A  mp_world_mp_mp_wo          84  mp_world.f90
pw.x               0000000000AC9546  mp_global_mp_mp_s          71  mp_global.f90
pw.x               000000000040EE00  MAIN__                     58  pwscf.f90
pw.x               000000000040ED92  Unknown               Unknown  Unknown
libc-2.17.so       00002AC9D2F42555  __libc_start_main     Unknown  Unknown
pw.x               000000000040ECA9  Unknown               Unknown  Unknown
forrtl: error (69): process interrupted (SIGINT)
Image              PC                Routine            Line        Source             
pw.x               00000000015DD0FB  Unknown               Unknown  Unknown
libpthread-2.17.s  00002B161942F630  Unknown               Unknown  Unknown
libmpi.so.12.0.0   00002B161A31FAD5  Unknown               Unknown  Unknown
libmpi.so.12.0.0   00002B161A2A5AEC  Unknown               Unknown  Unknown
libmpi.so.12.0.0   00002B161A28A1FC  Unknown               Unknown  Unknown
libmpi.so.12.0.0   00002B161A26AF1E  Unknown               Unknown  Unknown
libmpi.so.12.0.0   00002B161A33312D  Unknown               Unknown  Unknown
libmpi.so.12.0.0   00002B161A24DAD9  MPI_Bcast             Unknown  Unknown
libmpifort.so.12.  00002B1619E40924  pmpi_bcast            Unknown  Unknown
pw.x               0000000000EA97DD  mp_mp_mp_count_no        2869  mp.f90
pw.x               0000000000AC9A4A  mp_world_mp_mp_wo          84  mp_world.f90
pw.x               0000000000AC9546  mp_global_mp_mp_s          71  mp_global.f90
pw.x               000000000040EE00  MAIN__                     58  pwscf.f90
pw.x               000000000040ED92  Unknown               Unknown  Unknown
libc-2.17.so       00002B161B6A0555  __libc_start_main     Unknown  Unknown
pw.x               000000000040ECA9  Unknown               Unknown  Unknown
forrtl: error (69): process interrupted (SIGINT)
Image              PC                Routine            Line        Source             
pw.x               00000000015DD0FB  Unknown               Unknown  Unknown
libpthread-2.17.s  00002B338F41A630  Unknown               Unknown  Unknown
libmpi.so.12.0.0   00002B339030AAD5  Unknown               Unknown  Unknown
libmpi.so.12.0.0   00002B3390290AEC  Unknown               Unknown  Unknown
libmpi.so.12.0.0   00002B33902751FC  Unknown               Unknown  Unknown
libmpi.so.12.0.0   00002B3390255F1E  Unknown               Unknown  Unknown
libmpi.so.12.0.0   00002B339031E12D  Unknown               Unknown  Unknown
libmpi.so.12.0.0   00002B3390238AD9  MPI_Bcast             Unknown  Unknown
libmpifort.so.12.  00002B338FE2B924  pmpi_bcast            Unknown  Unknown
pw.x               0000000000EA97DD  mp_mp_mp_count_no        2869  mp.f90
pw.x               0000000000AC9A4A  mp_world_mp_mp_wo          84  mp_world.f90
pw.x               0000000000AC9546  mp_global_mp_mp_s          71  mp_global.f90
pw.x               000000000040EE00  MAIN__                     58  pwscf.f90
pw.x               000000000040ED92  Unknown               Unknown  Unknown
libc-2.17.so       00002B339168B555  __libc_start_main     Unknown  Unknown
pw.x               000000000040ECA9  Unknown               Unknown  Unknown
forrtl: error (69): process interrupted (SIGINT)
Image              PC                Routine            Line        Source             
pw.x               00000000015DD0FB  Unknown               Unknown  Unknown
libpthread-2.17.s  00002B33C99EA630  Unknown               Unknown  Unknown
libmpi.so.12.0.0   00002B33CA8DAAD0  Unknown               Unknown  Unknown
libmpi.so.12.0.0   00002B33CA860AEC  Unknown               Unknown  Unknown
libmpi.so.12.0.0   00002B33CA8451FC  Unknown               Unknown  Unknown
libmpi.so.12.0.0   00002B33CA825F1E  Unknown               Unknown  Unknown
libmpi.so.12.0.0   00002B33CA8EE12D  Unknown               Unknown  Unknown
libmpi.so.12.0.0   00002B33CA808AD9  MPI_Bcast             Unknown  Unknown
libmpifort.so.12.  00002B33CA3FB924  pmpi_bcast            Unknown  Unknown
pw.x               0000000000EA97DD  mp_mp_mp_count_no        2869  mp.f90
pw.x               0000000000AC9A4A  mp_world_mp_mp_wo          84  mp_world.f90
pw.x               0000000000AC9546  mp_global_mp_mp_s          71  mp_global.f90
pw.x               000000000040EE00  MAIN__                     58  pwscf.f90
pw.x               000000000040ED92  Unknown               Unknown  Unknown
libc-2.17.so       00002B33CBC5B555  __libc_start_main     Unknown  Unknown
pw.x               000000000040ECA9  Unknown               Unknown  Unknown
forrtl: error (69): process interrupted (SIGINT)
Image              PC                Routine            Line        Source             
pw.x               00000000015DD0FB  Unknown               Unknown  Unknown
libpthread-2.17.s  00002AFACB989630  Unknown               Unknown  Unknown
libmpi.so.12.0.0   00002AFACC879AD0  Unknown               Unknown  Unknown
libmpi.so.12.0.0   00002AFACC7FFAEC  Unknown               Unknown  Unknown
libmpi.so.12.0.0   00002AFACC7E41FC  Unknown               Unknown  Unknown
libmpi.so.12.0.0   00002AFACC7C4F1E  Unknown               Unknown  Unknown
libmpi.so.12.0.0   00002AFACC88D12D  Unknown               Unknown  Unknown
libmpi.so.12.0.0   00002AFACC7A7AD9  MPI_Bcast             Unknown  Unknown
libmpifort.so.12.  00002AFACC39A924  pmpi_bcast            Unknown  Unknown
pw.x               0000000000EA97DD  mp_mp_mp_count_no        2869  mp.f90
pw.x               0000000000AC9A4A  mp_world_mp_mp_wo          84  mp_world.f90
pw.x               0000000000AC9546  mp_global_mp_mp_s          71  mp_global.f90
pw.x               000000000040EE00  MAIN__                     58  pwscf.f90
pw.x               000000000040ED92  Unknown               Unknown  Unknown
libc-2.17.so       00002AFACDBFA555  __libc_start_main     Unknown  Unknown
pw.x               000000000040ECA9  Unknown               Unknown  Unknown
forrtl: error (69): process interrupted (SIGINT)
Image              PC                Routine            Line        Source             
pw.x               00000000015DD0FB  Unknown               Unknown  Unknown
libpthread-2.17.s  00002AF02A9C6630  Unknown               Unknown  Unknown
libmpi.so.12.0.0   00002AF02B8B6AD0  Unknown               Unknown  Unknown
libmpi.so.12.0.0   00002AF02B83CAEC  Unknown               Unknown  Unknown
libmpi.so.12.0.0   00002AF02B8211FC  Unknown               Unknown  Unknown
libmpi.so.12.0.0   00002AF02B801F1E  Unknown               Unknown  Unknown
libmpi.so.12.0.0   00002AF02B8CA12D  Unknown               Unknown  Unknown
libmpi.so.12.0.0   00002AF02B7E4AD9  MPI_Bcast             Unknown  Unknown
libmpifort.so.12.  00002AF02B3D7924  pmpi_bcast            Unknown  Unknown
pw.x               0000000000EA97DD  mp_mp_mp_count_no        2869  mp.f90
pw.x               0000000000AC9A4A  mp_world_mp_mp_wo          84  mp_world.f90
pw.x               0000000000AC9546  mp_global_mp_mp_s          71  mp_global.f90
pw.x               000000000040EE00  MAIN__                     58  pwscf.f90
pw.x               000000000040ED92  Unknown               Unknown  Unknown
libc-2.17.so       00002AF02CC37555  __libc_start_main     Unknown  Unknown
pw.x               000000000040ECA9  Unknown               Unknown  Unknown
forrtl: error (69): process interrupted (SIGINT)
Image              PC                Routine            Line        Source             
pw.x               00000000015DD0FB  Unknown               Unknown  Unknown
libpthread-2.17.s  00002B412C365630  Unknown               Unknown  Unknown
libmpi.so.12.0.0   00002B412D255AD5  Unknown               Unknown  Unknown
libmpi.so.12.0.0   00002B412D1DBAEC  Unknown               Unknown  Unknown
libmpi.so.12.0.0   00002B412D1C01FC  Unknown               Unknown  Unknown
libmpi.so.12.0.0   00002B412D1A0F1E  Unknown               Unknown  Unknown
libmpi.so.12.0.0   00002B412D26912D  Unknown               Unknown  Unknown
libmpi.so.12.0.0   00002B412D183AD9  MPI_Bcast             Unknown  Unknown
libmpifort.so.12.  00002B412CD76924  pmpi_bcast            Unknown  Unknown
pw.x               0000000000EA97DD  mp_mp_mp_count_no        2869  mp.f90
pw.x               0000000000AC9A4A  mp_world_mp_mp_wo          84  mp_world.f90
pw.x               0000000000AC9546  mp_global_mp_mp_s          71  mp_global.f90
pw.x               000000000040EE00  MAIN__                     58  pwscf.f90
pw.x               000000000040ED92  Unknown               Unknown  Unknown
libc-2.17.so       00002B412E5D6555  __libc_start_main     Unknown  Unknown
pw.x               000000000040ECA9  Unknown               Unknown  Unknown
forrtl: error (69): process interrupted (SIGINT)
Image              PC                Routine            Line        Source             
pw.x               00000000015DD0FB  Unknown               Unknown  Unknown
libpthread-2.17.s  00002B42F0BAF630  Unknown               Unknown  Unknown
libmpi.so.12.0.0   00002B42F1A9FAD0  Unknown               Unknown  Unknown
libmpi.so.12.0.0   00002B42F1A25AEC  Unknown               Unknown  Unknown
libmpi.so.12.0.0   00002B42F1A0A1FC  Unknown               Unknown  Unknown
libmpi.so.12.0.0   00002B42F19EAF1E  Unknown               Unknown  Unknown
libmpi.so.12.0.0   00002B42F1AB312D  Unknown               Unknown  Unknown
libmpi.so.12.0.0   00002B42F19CDAD9  MPI_Bcast             Unknown  Unknown
libmpifort.so.12.  00002B42F15C0924  pmpi_bcast            Unknown  Unknown
pw.x               0000000000EA97DD  mp_mp_mp_count_no        2869  mp.f90
pw.x               0000000000AC9A4A  mp_world_mp_mp_wo          84  mp_world.f90
pw.x               0000000000AC9546  mp_global_mp_mp_s          71  mp_global.f90
pw.x               000000000040EE00  MAIN__                     58  pwscf.f90
pw.x               000000000040ED92  Unknown               Unknown  Unknown
libc-2.17.so       00002B42F2E20555  __libc_start_main     Unknown  Unknown
pw.x               000000000040ECA9  Unknown               Unknown  Unknown
forrtl: error (69): process interrupted (SIGINT)
Image              PC                Routine            Line        Source             
pw.x               00000000015DD0FB  Unknown               Unknown  Unknown
libpthread-2.17.s  00002BA45E73B630  Unknown               Unknown  Unknown
libmpi.so.12.0.0   00002BA45F62BAD5  Unknown               Unknown  Unknown
libmpi.so.12.0.0   00002BA45F5B1AEC  Unknown               Unknown  Unknown
libmpi.so.12.0.0   00002BA45F5961FC  Unknown               Unknown  Unknown
libmpi.so.12.0.0   00002BA45F576F1E  Unknown               Unknown  Unknown
libmpi.so.12.0.0   00002BA45F63F12D  Unknown               Unknown  Unknown
libmpi.so.12.0.0   00002BA45F559AD9  MPI_Bcast             Unknown  Unknown
libmpifort.so.12.  00002BA45F14C924  pmpi_bcast            Unknown  Unknown
pw.x               0000000000EA97DD  mp_mp_mp_count_no        2869  mp.f90
pw.x               0000000000AC9A4A  mp_world_mp_mp_wo          84  mp_world.f90
pw.x               0000000000AC9546  mp_global_mp_mp_s          71  mp_global.f90
pw.x               000000000040EE00  MAIN__                     58  pwscf.f90
pw.x               000000000040ED92  Unknown               Unknown  Unknown
libc-2.17.so       00002BA4609AC555  __libc_start_main     Unknown  Unknown
pw.x               000000000040ECA9  Unknown               Unknown  Unknown
forrtl: error (69): process interrupted (SIGINT)
Image              PC                Routine            Line        Source             
pw.x               00000000015DD0FB  Unknown               Unknown  Unknown
libpthread-2.17.s  00002AFFF9BA6630  Unknown               Unknown  Unknown
libmpi.so.12.0.0   00002AFFFAA96AC4  Unknown               Unknown  Unknown
libmpi.so.12.0.0   00002AFFFAA1CAEC  Unknown               Unknown  Unknown
libmpi.so.12.0.0   00002AFFFAA011FC  Unknown               Unknown  Unknown
libmpi.so.12.0.0   00002AFFFA9E1F1E  Unknown               Unknown  Unknown
libmpi.so.12.0.0   00002AFFFAAAA12D  Unknown               Unknown  Unknown
libmpi.so.12.0.0   00002AFFFA9C4AD9  MPI_Bcast             Unknown  Unknown
libmpifort.so.12.  00002AFFFA5B7924  pmpi_bcast            Unknown  Unknown
pw.x               0000000000EA97DD  mp_mp_mp_count_no        2869  mp.f90
pw.x               0000000000AC9A4A  mp_world_mp_mp_wo          84  mp_world.f90
pw.x               0000000000AC9546  mp_global_mp_mp_s          71  mp_global.f90
pw.x               000000000040EE00  MAIN__                     58  pwscf.f90
pw.x               000000000040ED92  Unknown               Unknown  Unknown
libc-2.17.so       00002AFFFBE17555  __libc_start_main     Unknown  Unknown
pw.x               000000000040ECA9  Unknown               Unknown  Unknown
forrtl: error (69): process interrupted (SIGINT)
Image              PC                Routine            Line        Source             
pw.x               00000000015DD0FB  Unknown               Unknown  Unknown
libpthread-2.17.s  00002AD427047630  Unknown               Unknown  Unknown
libmpi.so.12.0.0   00002AD427F37AD0  Unknown               Unknown  Unknown
libmpi.so.12.0.0   00002AD427EBDAEC  Unknown               Unknown  Unknown
libmpi.so.12.0.0   00002AD427EA21FC  Unknown               Unknown  Unknown
libmpi.so.12.0.0   00002AD427E82F1E  Unknown               Unknown  Unknown
libmpi.so.12.0.0   00002AD427F4B12D  Unknown               Unknown  Unknown
libmpi.so.12.0.0   00002AD427E65AD9  MPI_Bcast             Unknown  Unknown
libmpifort.so.12.  00002AD427A58924  pmpi_bcast            Unknown  Unknown
pw.x               0000000000EA97DD  mp_mp_mp_count_no        2869  mp.f90
pw.x               0000000000AC9A4A  mp_world_mp_mp_wo          84  mp_world.f90
pw.x               0000000000AC9546  mp_global_mp_mp_s          71  mp_global.f90
pw.x               000000000040EE00  MAIN__                     58  pwscf.f90
pw.x               000000000040ED92  Unknown               Unknown  Unknown
libc-2.17.so       00002AD4292B8555  __libc_start_main     Unknown  Unknown
pw.x               000000000040ECA9  Unknown               Unknown  Unknown
forrtl: error (69): process interrupted (SIGINT)
Image              PC                Routine            Line        Source             
pw.x               00000000015DD0FB  Unknown               Unknown  Unknown
libpthread-2.17.s  00002B98CD3B8630  Unknown               Unknown  Unknown
libmpi.so.12.0.0   00002B98CE2A8AD0  Unknown               Unknown  Unknown
libmpi.so.12.0.0   00002B98CE22EAEC  Unknown               Unknown  Unknown
libmpi.so.12.0.0   00002B98CE2131FC  Unknown               Unknown  Unknown
libmpi.so.12.0.0   00002B98CE1F3F1E  Unknown               Unknown  Unknown
libmpi.so.12.0.0   00002B98CE2BC12D  Unknown               Unknown  Unknown
libmpi.so.12.0.0   00002B98CE1D6AD9  MPI_Bcast             Unknown  Unknown
libmpifort.so.12.  00002B98CDDC9924  pmpi_bcast            Unknown  Unknown
pw.x               0000000000EA97DD  mp_mp_mp_count_no        2869  mp.f90
pw.x               0000000000AC9A4A  mp_world_mp_mp_wo          84  mp_world.f90
pw.x               0000000000AC9546  mp_global_mp_mp_s          71  mp_global.f90
pw.x               000000000040EE00  MAIN__                     58  pwscf.f90
pw.x               000000000040ED92  Unknown               Unknown  Unknown
libc-2.17.so       00002B98CF629555  __libc_start_main     Unknown  Unknown
pw.x               000000000040ECA9  Unknown               Unknown  Unknown
forrtl: error (69): process interrupted (SIGINT)
Image              PC                Routine            Line        Source             
pw.x               00000000015DD0FB  Unknown               Unknown  Unknown
libpthread-2.17.s  00002B2C34B52630  Unknown               Unknown  Unknown
libmpi.so.12.0.0   00002B2C35A42AD0  Unknown               Unknown  Unknown
libmpi.so.12.0.0   00002B2C359C8AEC  Unknown               Unknown  Unknown
libmpi.so.12.0.0   00002B2C359AD1FC  Unknown               Unknown  Unknown
libmpi.so.12.0.0   00002B2C3598DF1E  Unknown               Unknown  Unknown
libmpi.so.12.0.0   00002B2C35A5612D  Unknown               Unknown  Unknown
libmpi.so.12.0.0   00002B2C35970AD9  MPI_Bcast             Unknown  Unknown
libmpifort.so.12.  00002B2C35563924  pmpi_bcast            Unknown  Unknown
pw.x               0000000000EA97DD  mp_mp_mp_count_no        2869  mp.f90
pw.x               0000000000AC9A4A  mp_world_mp_mp_wo          84  mp_world.f90
pw.x               0000000000AC9546  mp_global_mp_mp_s          71  mp_global.f90
pw.x               000000000040EE00  MAIN__                     58  pwscf.f90
pw.x               000000000040ED92  Unknown               Unknown  Unknown
libc-2.17.so       00002B2C36DC3555  __libc_start_main     Unknown  Unknown
pw.x               000000000040ECA9  Unknown               Unknown  Unknown
forrtl: error (69): process interrupted (SIGINT)
Image              PC                Routine            Line        Source             
pw.x               00000000015DD0FB  Unknown               Unknown  Unknown
libpthread-2.17.s  00002B09EDA99630  Unknown               Unknown  Unknown
libmpi.so.12.0.0   00002B09EE989AD5  Unknown               Unknown  Unknown
libmpi.so.12.0.0   00002B09EE90FAEC  Unknown               Unknown  Unknown
libmpi.so.12.0.0   00002B09EE8F41FC  Unknown               Unknown  Unknown
libmpi.so.12.0.0   00002B09EE8D4F1E  Unknown               Unknown  Unknown
libmpi.so.12.0.0   00002B09EE99D12D  Unknown               Unknown  Unknown
libmpi.so.12.0.0   00002B09EE8B7AD9  MPI_Bcast             Unknown  Unknown
libmpifort.so.12.  00002B09EE4AA924  pmpi_bcast            Unknown  Unknown
pw.x               0000000000EA97DD  mp_mp_mp_count_no        2869  mp.f90
pw.x               0000000000AC9A4A  mp_world_mp_mp_wo          84  mp_world.f90
pw.x               0000000000AC9546  mp_global_mp_mp_s          71  mp_global.f90
pw.x               000000000040EE00  MAIN__                     58  pwscf.f90
pw.x               000000000040ED92  Unknown               Unknown  Unknown
libc-2.17.so       00002B09EFD0A555  __libc_start_main     Unknown  Unknown
pw.x               000000000040ECA9  Unknown               Unknown  Unknown
forrtl: error (69): process interrupted (SIGINT)
Image              PC                Routine            Line        Source             
pw.x               00000000015DD0FB  Unknown               Unknown  Unknown
libpthread-2.17.s  00002B0CB0855630  Unknown               Unknown  Unknown
libmpi.so.12.0.0   00002B0CB1745AD0  Unknown               Unknown  Unknown
libmpi.so.12.0.0   00002B0CB16CBAEC  Unknown               Unknown  Unknown
libmpi.so.12.0.0   00002B0CB16B01FC  Unknown               Unknown  Unknown
libmpi.so.12.0.0   00002B0CB1690F1E  Unknown               Unknown  Unknown
libmpi.so.12.0.0   00002B0CB175912D  Unknown               Unknown  Unknown
libmpi.so.12.0.0   00002B0CB1673AD9  MPI_Bcast             Unknown  Unknown
libmpifort.so.12.  00002B0CB1266924  pmpi_bcast            Unknown  Unknown
pw.x               0000000000EA97DD  mp_mp_mp_count_no        2869  mp.f90
pw.x               0000000000AC9A4A  mp_world_mp_mp_wo          84  mp_world.f90
pw.x               0000000000AC9546  mp_global_mp_mp_s          71  mp_global.f90
pw.x               000000000040EE00  MAIN__                     58  pwscf.f90
pw.x               000000000040ED92  Unknown               Unknown  Unknown
libc-2.17.so       00002B0CB2AC6555  __libc_start_main     Unknown  Unknown
pw.x               000000000040ECA9  Unknown               Unknown  Unknown
forrtl: error (69): process interrupted (SIGINT)
Image              PC                Routine            Line        Source             
pw.x               00000000015DD0FB  Unknown               Unknown  Unknown
libpthread-2.17.s  00002ACDE6F21630  Unknown               Unknown  Unknown
libmpi.so.12.0.0   00002ACDE7E11AD0  Unknown               Unknown  Unknown
libmpi.so.12.0.0   00002ACDE7D97AEC  Unknown               Unknown  Unknown
libmpi.so.12.0.0   00002ACDE7D7C1FC  Unknown               Unknown  Unknown
libmpi.so.12.0.0   00002ACDE7D5CF1E  Unknown               Unknown  Unknown
libmpi.so.12.0.0   00002ACDE7E2512D  Unknown               Unknown  Unknown
libmpi.so.12.0.0   00002ACDE7D3FAD9  MPI_Bcast             Unknown  Unknown
libmpifort.so.12.  00002ACDE7932924  pmpi_bcast            Unknown  Unknown
pw.x               0000000000EA97DD  mp_mp_mp_count_no        2869  mp.f90
pw.x               0000000000AC9A4A  mp_world_mp_mp_wo          84  mp_world.f90
pw.x               0000000000AC9546  mp_global_mp_mp_s          71  mp_global.f90
pw.x               000000000040EE00  MAIN__                     58  pwscf.f90
pw.x               000000000040ED92  Unknown               Unknown  Unknown
libc-2.17.so       00002ACDE9192555  __libc_start_main     Unknown  Unknown
pw.x               000000000040ECA9  Unknown               Unknown  Unknown
forrtl: error (69): process interrupted (SIGINT)
Image              PC                Routine            Line        Source             
pw.x               00000000015DD0FB  Unknown               Unknown  Unknown
libpthread-2.17.s  00002B60E75FB630  Unknown               Unknown  Unknown
libmpi.so.12.0.0   00002B60E84EBAD0  Unknown               Unknown  Unknown
libmpi.so.12.0.0   00002B60E8471AEC  Unknown               Unknown  Unknown
libmpi.so.12.0.0   00002B60E84561FC  Unknown               Unknown  Unknown
libmpi.so.12.0.0   00002B60E8436F1E  Unknown               Unknown  Unknown
libmpi.so.12.0.0   00002B60E84FF12D  Unknown               Unknown  Unknown
libmpi.so.12.0.0   00002B60E8419AD9  MPI_Bcast             Unknown  Unknown
libmpifort.so.12.  00002B60E800C924  pmpi_bcast            Unknown  Unknown
pw.x               0000000000EA97DD  mp_mp_mp_count_no        2869  mp.f90
pw.x               0000000000AC9A4A  mp_world_mp_mp_wo          84  mp_world.f90
pw.x               0000000000AC9546  mp_global_mp_mp_s          71  mp_global.f90
pw.x               000000000040EE00  MAIN__                     58  pwscf.f90
pw.x               000000000040ED92  Unknown               Unknown  Unknown
libc-2.17.so       00002B60E986C555  __libc_start_main     Unknown  Unknown
pw.x               000000000040ECA9  Unknown               Unknown  Unknown
forrtl: error (69): process interrupted (SIGINT)
Image              PC                Routine            Line        Source             
pw.x               00000000015DD0FB  Unknown               Unknown  Unknown
libpthread-2.17.s  00002B9F29CE7630  Unknown               Unknown  Unknown
libmpi.so.12.0.0   00002B9F2ABD7AD0  Unknown               Unknown  Unknown
libmpi.so.12.0.0   00002B9F2AB5DAEC  Unknown               Unknown  Unknown
libmpi.so.12.0.0   00002B9F2AB421FC  Unknown               Unknown  Unknown
libmpi.so.12.0.0   00002B9F2AB22F1E  Unknown               Unknown  Unknown
libmpi.so.12.0.0   00002B9F2ABEB12D  Unknown               Unknown  Unknown
libmpi.so.12.0.0   00002B9F2AB05AD9  MPI_Bcast             Unknown  Unknown
libmpifort.so.12.  00002B9F2A6F8924  pmpi_bcast            Unknown  Unknown
pw.x               0000000000EA97DD  mp_mp_mp_count_no        2869  mp.f90
pw.x               0000000000AC9A4A  mp_world_mp_mp_wo          84  mp_world.f90
pw.x               0000000000AC9546  mp_global_mp_mp_s          71  mp_global.f90
pw.x               000000000040EE00  MAIN__                     58  pwscf.f90
pw.x               000000000040ED92  Unknown               Unknown  Unknown
libc-2.17.so       00002B9F2BF58555  __libc_start_main     Unknown  Unknown
pw.x               000000000040ECA9  Unknown               Unknown  Unknown
forrtl: error (69): process interrupted (SIGINT)
Image              PC                Routine            Line        Source             
pw.x               00000000015DD0FB  Unknown               Unknown  Unknown
libpthread-2.17.s  00002B98C8659630  Unknown               Unknown  Unknown
libmpi.so.12.0.0   00002B98C9549AD0  Unknown               Unknown  Unknown
libmpi.so.12.0.0   00002B98C94CFAEC  Unknown               Unknown  Unknown
libmpi.so.12.0.0   00002B98C94B41FC  Unknown               Unknown  Unknown
libmpi.so.12.0.0   00002B98C9494F1E  Unknown               Unknown  Unknown
libmpi.so.12.0.0   00002B98C955D12D  Unknown               Unknown  Unknown
libmpi.so.12.0.0   00002B98C9477AD9  MPI_Bcast             Unknown  Unknown
libmpifort.so.12.  00002B98C906A924  pmpi_bcast            Unknown  Unknown
pw.x               0000000000EA97DD  mp_mp_mp_count_no        2869  mp.f90
pw.x               0000000000AC9A4A  mp_world_mp_mp_wo          84  mp_world.f90
pw.x               0000000000AC9546  mp_global_mp_mp_s          71  mp_global.f90
pw.x               000000000040EE00  MAIN__                     58  pwscf.f90
pw.x               000000000040ED92  Unknown               Unknown  Unknown
libc-2.17.so       00002B98CA8CA555  __libc_start_main     Unknown  Unknown
pw.x               000000000040ECA9  Unknown               Unknown  Unknown
forrtl: error (69): process interrupted (SIGINT)
Image              PC                Routine            Line        Source             
pw.x               00000000015DD0FB  Unknown               Unknown  Unknown
libpthread-2.17.s  00002AAF5B264630  Unknown               Unknown  Unknown
libmpi.so.12.0.0   00002AAF5C154AD5  Unknown               Unknown  Unknown
libmpi.so.12.0.0   00002AAF5C0DAAEC  Unknown               Unknown  Unknown
libmpi.so.12.0.0   00002AAF5C0BF1FC  Unknown               Unknown  Unknown
libmpi.so.12.0.0   00002AAF5C09FF1E  Unknown               Unknown  Unknown
libmpi.so.12.0.0   00002AAF5C16812D  Unknown               Unknown  Unknown
libmpi.so.12.0.0   00002AAF5C082AD9  MPI_Bcast             Unknown  Unknown
libmpifort.so.12.  00002AAF5BC75924  pmpi_bcast            Unknown  Unknown
pw.x               0000000000EA97DD  mp_mp_mp_count_no        2869  mp.f90
pw.x               0000000000AC9A4A  mp_world_mp_mp_wo          84  mp_world.f90
pw.x               0000000000AC9546  mp_global_mp_mp_s          71  mp_global.f90
pw.x               000000000040EE00  MAIN__                     58  pwscf.f90
pw.x               000000000040ED92  Unknown               Unknown  Unknown
libc-2.17.so       00002AAF5D4D5555  __libc_start_main     Unknown  Unknown
pw.x               000000000040ECA9  Unknown               Unknown  Unknown
forrtl: error (69): process interrupted (SIGINT)
Image              PC                Routine            Line        Source             
pw.x               00000000015DD0FB  Unknown               Unknown  Unknown
libpthread-2.17.s  00002AC3EF5E6630  Unknown               Unknown  Unknown
libmpi.so.12.0.0   00002AC3F04D6AD0  Unknown               Unknown  Unknown
libmpi.so.12.0.0   00002AC3F045CAEC  Unknown               Unknown  Unknown
libmpi.so.12.0.0   00002AC3F04411FC  Unknown               Unknown  Unknown
libmpi.so.12.0.0   00002AC3F0421F1E  Unknown               Unknown  Unknown
libmpi.so.12.0.0   00002AC3F04EA12D  Unknown               Unknown  Unknown
libmpi.so.12.0.0   00002AC3F0404AD9  MPI_Bcast             Unknown  Unknown
libmpifort.so.12.  00002AC3EFFF7924  pmpi_bcast            Unknown  Unknown
pw.x               0000000000EA97DD  mp_mp_mp_count_no        2869  mp.f90
pw.x               0000000000AC9A4A  mp_world_mp_mp_wo          84  mp_world.f90
pw.x               0000000000AC9546  mp_global_mp_mp_s          71  mp_global.f90
pw.x               000000000040EE00  MAIN__                     58  pwscf.f90
pw.x               000000000040ED92  Unknown               Unknown  Unknown
libc-2.17.so       00002AC3F1857555  __libc_start_main     Unknown  Unknown
pw.x               000000000040ECA9  Unknown               Unknown  Unknown
forrtl: error (69): process interrupted (SIGINT)
Image              PC                Routine            Line        Source             
pw.x               00000000015DD0FB  Unknown               Unknown  Unknown
libpthread-2.17.s  00002B6746713630  Unknown               Unknown  Unknown
libmpi.so.12.0.0   00002B6747603AD0  Unknown               Unknown  Unknown
libmpi.so.12.0.0   00002B6747589AEC  Unknown               Unknown  Unknown
libmpi.so.12.0.0   00002B674756E1FC  Unknown               Unknown  Unknown
libmpi.so.12.0.0   00002B674754EF1E  Unknown               Unknown  Unknown
libmpi.so.12.0.0   00002B674761712D  Unknown               Unknown  Unknown
libmpi.so.12.0.0   00002B6747531AD9  MPI_Bcast             Unknown  Unknown
libmpifort.so.12.  00002B6747124924  pmpi_bcast            Unknown  Unknown
pw.x               0000000000EA97DD  mp_mp_mp_count_no        2869  mp.f90
pw.x               0000000000AC9A4A  mp_world_mp_mp_wo          84  mp_world.f90
pw.x               0000000000AC9546  mp_global_mp_mp_s          71  mp_global.f90
pw.x               000000000040EE00  MAIN__                     58  pwscf.f90
pw.x               000000000040ED92  Unknown               Unknown  Unknown
libc-2.17.so       00002B6748984555  __libc_start_main     Unknown  Unknown
pw.x               000000000040ECA9  Unknown               Unknown  Unknown
forrtl: error (69): process interrupted (SIGINT)
Image              PC                Routine            Line        Source             
pw.x               00000000015DD0FB  Unknown               Unknown  Unknown
libpthread-2.17.s  00002B7AD0985630  Unknown               Unknown  Unknown
libmpi.so.12.0.0   00002B7AD1875AD0  Unknown               Unknown  Unknown
libmpi.so.12.0.0   00002B7AD17FBAEC  Unknown               Unknown  Unknown
libmpi.so.12.0.0   00002B7AD17E01FC  Unknown               Unknown  Unknown
libmpi.so.12.0.0   00002B7AD17C0F1E  Unknown               Unknown  Unknown
libmpi.so.12.0.0   00002B7AD188912D  Unknown               Unknown  Unknown
libmpi.so.12.0.0   00002B7AD17A3AD9  MPI_Bcast             Unknown  Unknown
libmpifort.so.12.  00002B7AD1396924  pmpi_bcast            Unknown  Unknown
pw.x               0000000000EA97DD  mp_mp_mp_count_no        2869  mp.f90
pw.x               0000000000AC9A4A  mp_world_mp_mp_wo          84  mp_world.f90
pw.x               0000000000AC9546  mp_global_mp_mp_s          71  mp_global.f90
pw.x               000000000040EE00  MAIN__                     58  pwscf.f90
pw.x               000000000040ED92  Unknown               Unknown  Unknown
libc-2.17.so       00002B7AD2BF6555  __libc_start_main     Unknown  Unknown
pw.x               000000000040ECA9  Unknown               Unknown  Unknown
forrtl: error (69): process interrupted (SIGINT)
Image              PC                Routine            Line        Source             
pw.x               00000000015DD0FB  Unknown               Unknown  Unknown
libpthread-2.17.s  00002AF3B50E4630  Unknown               Unknown  Unknown
libmpi.so.12.0.0   00002AF3B5FD4AD0  Unknown               Unknown  Unknown
libmpi.so.12.0.0   00002AF3B5F5AAEC  Unknown               Unknown  Unknown
libmpi.so.12.0.0   00002AF3B5F3F1FC  Unknown               Unknown  Unknown
libmpi.so.12.0.0   00002AF3B5F1FF1E  Unknown               Unknown  Unknown
libmpi.so.12.0.0   00002AF3B5FE812D  Unknown               Unknown  Unknown
libmpi.so.12.0.0   00002AF3B5F02AD9  MPI_Bcast             Unknown  Unknown
libmpifort.so.12.  00002AF3B5AF5924  pmpi_bcast            Unknown  Unknown
pw.x               0000000000EA97DD  mp_mp_mp_count_no        2869  mp.f90
pw.x               0000000000AC9A4A  mp_world_mp_mp_wo          84  mp_world.f90
pw.x               0000000000AC9546  mp_global_mp_mp_s          71  mp_global.f90
pw.x               000000000040EE00  MAIN__                     58  pwscf.f90
pw.x               000000000040ED92  Unknown               Unknown  Unknown
libc-2.17.so       00002AF3B7355555  __libc_start_main     Unknown  Unknown
pw.x               000000000040ECA9  Unknown               Unknown  Unknown
forrtl: error (69): process interrupted (SIGINT)
Image              PC                Routine            Line        Source             
pw.x               00000000015DD0FB  Unknown               Unknown  Unknown
libpthread-2.17.s  00002B1959A8C630  Unknown               Unknown  Unknown
libmpi.so.12.0.0   00002B195A97CACE  Unknown               Unknown  Unknown
libmpi.so.12.0.0   00002B195A902AEC  Unknown               Unknown  Unknown
libmpi.so.12.0.0   00002B195A8E71FC  Unknown               Unknown  Unknown
libmpi.so.12.0.0   00002B195A8C7F1E  Unknown               Unknown  Unknown
libmpi.so.12.0.0   00002B195A99012D  Unknown               Unknown  Unknown
libmpi.so.12.0.0   00002B195A8AAAD9  MPI_Bcast             Unknown  Unknown
libmpifort.so.12.  00002B195A49D924  pmpi_bcast            Unknown  Unknown
pw.x               0000000000EA97DD  mp_mp_mp_count_no        2869  mp.f90
pw.x               0000000000AC9A4A  mp_world_mp_mp_wo          84  mp_world.f90
pw.x               0000000000AC9546  mp_global_mp_mp_s          71  mp_global.f90
pw.x               000000000040EE00  MAIN__                     58  pwscf.f90
pw.x               000000000040ED92  Unknown               Unknown  Unknown
libc-2.17.so       00002B195BCFD555  __libc_start_main     Unknown  Unknown
pw.x               000000000040ECA9  Unknown               Unknown  Unknown
forrtl: error (69): process interrupted (SIGINT)
Image              PC                Routine            Line        Source             
pw.x               00000000015DD0FB  Unknown               Unknown  Unknown
libpthread-2.17.s  00002B2E049A6630  Unknown               Unknown  Unknown
libmpi.so.12.0.0   00002B2E05896AD0  Unknown               Unknown  Unknown
libmpi.so.12.0.0   00002B2E0581CAEC  Unknown               Unknown  Unknown
libmpi.so.12.0.0   00002B2E058011FC  Unknown               Unknown  Unknown
libmpi.so.12.0.0   00002B2E057E1F1E  Unknown               Unknown  Unknown
libmpi.so.12.0.0   00002B2E058AA12D  Unknown               Unknown  Unknown
libmpi.so.12.0.0   00002B2E057C4AD9  MPI_Bcast             Unknown  Unknown
libmpifort.so.12.  00002B2E053B7924  pmpi_bcast            Unknown  Unknown
pw.x               0000000000EA97DD  mp_mp_mp_count_no        2869  mp.f90
pw.x               0000000000AC9A4A  mp_world_mp_mp_wo          84  mp_world.f90
pw.x               0000000000AC9546  mp_global_mp_mp_s          71  mp_global.f90
pw.x               000000000040EE00  MAIN__                     58  pwscf.f90
pw.x               000000000040ED92  Unknown               Unknown  Unknown
libc-2.17.so       00002B2E06C17555  __libc_start_main     Unknown  Unknown
pw.x               000000000040ECA9  Unknown               Unknown  Unknown
forrtl: error (69): process interrupted (SIGINT)
Image              PC                Routine            Line        Source             
pw.x               00000000015DD0FB  Unknown               Unknown  Unknown
libpthread-2.17.s  00002B241AD63630  Unknown               Unknown  Unknown
libmpi.so.12.0.0   00002B241BC53AD0  Unknown               Unknown  Unknown
libmpi.so.12.0.0   00002B241BBD9AEC  Unknown               Unknown  Unknown
libmpi.so.12.0.0   00002B241BBBE1FC  Unknown               Unknown  Unknown
libmpi.so.12.0.0   00002B241BB9EF1E  Unknown               Unknown  Unknown
libmpi.so.12.0.0   00002B241BC6712D  Unknown               Unknown  Unknown
libmpi.so.12.0.0   00002B241BB81AD9  MPI_Bcast             Unknown  Unknown
libmpifort.so.12.  00002B241B774924  pmpi_bcast            Unknown  Unknown
pw.x               0000000000EA97DD  mp_mp_mp_count_no        2869  mp.f90
pw.x               0000000000AC9A4A  mp_world_mp_mp_wo          84  mp_world.f90
pw.x               0000000000AC9546  mp_global_mp_mp_s          71  mp_global.f90
pw.x               000000000040EE00  MAIN__                     58  pwscf.f90
pw.x               000000000040ED92  Unknown               Unknown  Unknown
libc-2.17.so       00002B241CFD4555  __libc_start_main     Unknown  Unknown
pw.x               000000000040ECA9  Unknown               Unknown  Unknown
forrtl: error (69): process interrupted (SIGINT)
Image              PC                Routine            Line        Source             
pw.x               00000000015DD0FB  Unknown               Unknown  Unknown
libpthread-2.17.s  00002B085697F630  Unknown               Unknown  Unknown
libmpi.so.12.0.0   00002B085786FAD5  Unknown               Unknown  Unknown
libmpi.so.12.0.0   00002B08577F5AEC  Unknown               Unknown  Unknown
libmpi.so.12.0.0   00002B08577DA1FC  Unknown               Unknown  Unknown
libmpi.so.12.0.0   00002B08577BAF1E  Unknown               Unknown  Unknown
libmpi.so.12.0.0   00002B085788312D  Unknown               Unknown  Unknown
libmpi.so.12.0.0   00002B085779DAD9  MPI_Bcast             Unknown  Unknown
libmpifort.so.12.  00002B0857390924  pmpi_bcast            Unknown  Unknown
pw.x               0000000000EA97DD  mp_mp_mp_count_no        2869  mp.f90
pw.x               0000000000AC9A4A  mp_world_mp_mp_wo          84  mp_world.f90
pw.x               0000000000AC9546  mp_global_mp_mp_s          71  mp_global.f90
pw.x               000000000040EE00  MAIN__                     58  pwscf.f90
pw.x               000000000040ED92  Unknown               Unknown  Unknown
libc-2.17.so       00002B0858BF0555  __libc_start_main     Unknown  Unknown
pw.x               000000000040ECA9  Unknown               Unknown  Unknown
forrtl: error (69): process interrupted (SIGINT)
Image              PC                Routine            Line        Source             
pw.x               00000000015DD0FB  Unknown               Unknown  Unknown
libpthread-2.17.s  00002B0F0C2E1630  Unknown               Unknown  Unknown
libmpi.so.12.0.0   00002B0F0D1D1AD0  Unknown               Unknown  Unknown
libmpi.so.12.0.0   00002B0F0D157AEC  Unknown               Unknown  Unknown
libmpi.so.12.0.0   00002B0F0D13C1FC  Unknown               Unknown  Unknown
libmpi.so.12.0.0   00002B0F0D11CF1E  Unknown               Unknown  Unknown
libmpi.so.12.0.0   00002B0F0D1E512D  Unknown               Unknown  Unknown
libmpi.so.12.0.0   00002B0F0D0FFAD9  MPI_Bcast             Unknown  Unknown
libmpifort.so.12.  00002B0F0CCF2924  pmpi_bcast            Unknown  Unknown
pw.x               0000000000EA97DD  mp_mp_mp_count_no        2869  mp.f90
pw.x               0000000000AC9A4A  mp_world_mp_mp_wo          84  mp_world.f90
pw.x               0000000000AC9546  mp_global_mp_mp_s          71  mp_global.f90
pw.x               000000000040EE00  MAIN__                     58  pwscf.f90
pw.x               000000000040ED92  Unknown               Unknown  Unknown
libc-2.17.so       00002B0F0E552555  __libc_start_main     Unknown  Unknown
pw.x               000000000040ECA9  Unknown               Unknown  Unknown
forrtl: error (69): process interrupted (SIGINT)
Image              PC                Routine            Line        Source             
pw.x               00000000015DD0FB  Unknown               Unknown  Unknown
libpthread-2.17.s  00002AF96B302630  Unknown               Unknown  Unknown
libmpi.so.12.0.0   00002AF96C1F2AD0  Unknown               Unknown  Unknown
libmpi.so.12.0.0   00002AF96C178AEC  Unknown               Unknown  Unknown
libmpi.so.12.0.0   00002AF96C15D1FC  Unknown               Unknown  Unknown
libmpi.so.12.0.0   00002AF96C13DF1E  Unknown               Unknown  Unknown
libmpi.so.12.0.0   00002AF96C20612D  Unknown               Unknown  Unknown
libmpi.so.12.0.0   00002AF96C120AD9  MPI_Bcast             Unknown  Unknown
libmpifort.so.12.  00002AF96BD13924  pmpi_bcast            Unknown  Unknown
pw.x               0000000000EA97DD  mp_mp_mp_count_no        2869  mp.f90
pw.x               0000000000AC9A4A  mp_world_mp_mp_wo          84  mp_world.f90
pw.x               0000000000AC9546  mp_global_mp_mp_s          71  mp_global.f90
pw.x               000000000040EE00  MAIN__                     58  pwscf.f90
pw.x               000000000040ED92  Unknown               Unknown  Unknown
libc-2.17.so       00002AF96D573555  __libc_start_main     Unknown  Unknown
pw.x               000000000040ECA9  Unknown               Unknown  Unknown
forrtl: error (69): process interrupted (SIGINT)
Image              PC                Routine            Line        Source             
pw.x               00000000015DD0FB  Unknown               Unknown  Unknown
libpthread-2.17.s  00002B607CDC6630  Unknown               Unknown  Unknown
libmpi.so.12.0.0   00002B607DCB6AD0  Unknown               Unknown  Unknown
libmpi.so.12.0.0   00002B607DC3CAEC  Unknown               Unknown  Unknown
libmpi.so.12.0.0   00002B607DC211FC  Unknown               Unknown  Unknown
libmpi.so.12.0.0   00002B607DC01F1E  Unknown               Unknown  Unknown
libmpi.so.12.0.0   00002B607DCCA12D  Unknown               Unknown  Unknown
libmpi.so.12.0.0   00002B607DBE4AD9  MPI_Bcast             Unknown  Unknown
libmpifort.so.12.  00002B607D7D7924  pmpi_bcast            Unknown  Unknown
pw.x               0000000000EA97DD  mp_mp_mp_count_no        2869  mp.f90
pw.x               0000000000AC9A4A  mp_world_mp_mp_wo          84  mp_world.f90
pw.x               0000000000AC9546  mp_global_mp_mp_s          71  mp_global.f90
pw.x               000000000040EE00  MAIN__                     58  pwscf.f90
pw.x               000000000040ED92  Unknown               Unknown  Unknown
libc-2.17.so       00002B607F037555  __libc_start_main     Unknown  Unknown
pw.x               000000000040ECA9  Unknown               Unknown  Unknown
forrtl: error (69): process interrupted (SIGINT)
Image              PC                Routine            Line        Source             
pw.x               00000000015DD0FB  Unknown               Unknown  Unknown
libpthread-2.17.s  00002AC881164630  Unknown               Unknown  Unknown
libmpi.so.12.0.0   00002AC882054AD0  Unknown               Unknown  Unknown
libmpi.so.12.0.0   00002AC881FDAAEC  Unknown               Unknown  Unknown
libmpi.so.12.0.0   00002AC881FBF1FC  Unknown               Unknown  Unknown
libmpi.so.12.0.0   00002AC881F9FF1E  Unknown               Unknown  Unknown
libmpi.so.12.0.0   00002AC88206812D  Unknown               Unknown  Unknown
libmpi.so.12.0.0   00002AC881F82AD9  MPI_Bcast             Unknown  Unknown
libmpifort.so.12.  00002AC881B75924  pmpi_bcast            Unknown  Unknown
pw.x               0000000000EA97DD  mp_mp_mp_count_no        2869  mp.f90
pw.x               0000000000AC9A4A  mp_world_mp_mp_wo          84  mp_world.f90
pw.x               0000000000AC9546  mp_global_mp_mp_s          71  mp_global.f90
pw.x               000000000040EE00  MAIN__                     58  pwscf.f90
pw.x               000000000040ED92  Unknown               Unknown  Unknown
libc-2.17.so       00002AC8833D5555  __libc_start_main     Unknown  Unknown
pw.x               000000000040ECA9  Unknown               Unknown  Unknown
forrtl: error (69): process interrupted (SIGINT)
Image              PC                Routine            Line        Source             
pw.x               00000000015DD0FB  Unknown               Unknown  Unknown
libpthread-2.17.s  00002B5DA32FE630  Unknown               Unknown  Unknown
libmpi.so.12.0.0   00002B5DA41EEAD5  Unknown               Unknown  Unknown
libmpi.so.12.0.0   00002B5DA4174AEC  Unknown               Unknown  Unknown
libmpi.so.12.0.0   00002B5DA41591FC  Unknown               Unknown  Unknown
libmpi.so.12.0.0   00002B5DA4139F1E  Unknown               Unknown  Unknown
libmpi.so.12.0.0   00002B5DA420212D  Unknown               Unknown  Unknown
libmpi.so.12.0.0   00002B5DA411CAD9  MPI_Bcast             Unknown  Unknown
libmpifort.so.12.  00002B5DA3D0F924  pmpi_bcast            Unknown  Unknown
pw.x               0000000000EA97DD  mp_mp_mp_count_no        2869  mp.f90
pw.x               0000000000AC9A4A  mp_world_mp_mp_wo          84  mp_world.f90
pw.x               0000000000AC9546  mp_global_mp_mp_s          71  mp_global.f90
pw.x               000000000040EE00  MAIN__                     58  pwscf.f90
pw.x               000000000040ED92  Unknown               Unknown  Unknown
libc-2.17.so       00002B5DA556F555  __libc_start_main     Unknown  Unknown
pw.x               000000000040ECA9  Unknown               Unknown  Unknown
forrtl: error (69): process interrupted (SIGINT)
Image              PC                Routine            Line        Source             
pw.x               00000000015DD0FB  Unknown               Unknown  Unknown
libpthread-2.17.s  00002B207A51E630  Unknown               Unknown  Unknown
libmpi.so.12.0.0   00002B207B40EAD0  Unknown               Unknown  Unknown
libmpi.so.12.0.0   00002B207B394AEC  Unknown               Unknown  Unknown
libmpi.so.12.0.0   00002B207B3791FC  Unknown               Unknown  Unknown
libmpi.so.12.0.0   00002B207B359F1E  Unknown               Unknown  Unknown
libmpi.so.12.0.0   00002B207B42212D  Unknown               Unknown  Unknown
libmpi.so.12.0.0   00002B207B33CAD9  MPI_Bcast             Unknown  Unknown
libmpifort.so.12.  00002B207AF2F924  pmpi_bcast            Unknown  Unknown
pw.x               0000000000EA97DD  mp_mp_mp_count_no        2869  mp.f90
pw.x               0000000000AC9A4A  mp_world_mp_mp_wo          84  mp_world.f90
pw.x               0000000000AC9546  mp_global_mp_mp_s          71  mp_global.f90
pw.x               000000000040EE00  MAIN__                     58  pwscf.f90
pw.x               000000000040ED92  Unknown               Unknown  Unknown
libc-2.17.so       00002B207C78F555  __libc_start_main     Unknown  Unknown
pw.x               000000000040ECA9  Unknown               Unknown  Unknown
forrtl: error (69): process interrupted (SIGINT)
Image              PC                Routine            Line        Source             
pw.x               00000000015DD0FB  Unknown               Unknown  Unknown
libpthread-2.17.s  00002B569A8BC630  Unknown               Unknown  Unknown
libmpi.so.12.0.0   00002B569B7ACAD5  Unknown               Unknown  Unknown
libmpi.so.12.0.0   00002B569B732AEC  Unknown               Unknown  Unknown
libmpi.so.12.0.0   00002B569B7171FC  Unknown               Unknown  Unknown
libmpi.so.12.0.0   00002B569B6F7F1E  Unknown               Unknown  Unknown
libmpi.so.12.0.0   00002B569B7C012D  Unknown               Unknown  Unknown
libmpi.so.12.0.0   00002B569B6DAAD9  MPI_Bcast             Unknown  Unknown
libmpifort.so.12.  00002B569B2CD924  pmpi_bcast            Unknown  Unknown
pw.x               0000000000EA97DD  mp_mp_mp_count_no        2869  mp.f90
pw.x               0000000000AC9A4A  mp_world_mp_mp_wo          84  mp_world.f90
pw.x               0000000000AC9546  mp_global_mp_mp_s          71  mp_global.f90
pw.x               000000000040EE00  MAIN__                     58  pwscf.f90
pw.x               000000000040ED92  Unknown               Unknown  Unknown
libc-2.17.so       00002B569CB2D555  __libc_start_main     Unknown  Unknown
pw.x               000000000040ECA9  Unknown               Unknown  Unknown
forrtl: error (69): process interrupted (SIGINT)
Image              PC                Routine            Line        Source             
pw.x               00000000015DD0FB  Unknown               Unknown  Unknown
libpthread-2.17.s  00002B22C1979630  Unknown               Unknown  Unknown
libmpi.so.12.0.0   00002B22C2869AD0  Unknown               Unknown  Unknown
libmpi.so.12.0.0   00002B22C27EFAEC  Unknown               Unknown  Unknown
libmpi.so.12.0.0   00002B22C27D41FC  Unknown               Unknown  Unknown
libmpi.so.12.0.0   00002B22C27B4F1E  Unknown               Unknown  Unknown
libmpi.so.12.0.0   00002B22C287D12D  Unknown               Unknown  Unknown
libmpi.so.12.0.0   00002B22C2797AD9  MPI_Bcast             Unknown  Unknown
libmpifort.so.12.  00002B22C238A924  pmpi_bcast            Unknown  Unknown
pw.x               0000000000EA97DD  mp_mp_mp_count_no        2869  mp.f90
pw.x               0000000000AC9A4A  mp_world_mp_mp_wo          84  mp_world.f90
pw.x               0000000000AC9546  mp_global_mp_mp_s          71  mp_global.f90
pw.x               000000000040EE00  MAIN__                     58  pwscf.f90
pw.x               000000000040ED92  Unknown               Unknown  Unknown
libc-2.17.so       00002B22C3BEA555  __libc_start_main     Unknown  Unknown
pw.x               000000000040ECA9  Unknown               Unknown  Unknown
forrtl: error (69): process interrupted (SIGINT)
Image              PC                Routine            Line        Source             
pw.x               00000000015DD0FB  Unknown               Unknown  Unknown
libpthread-2.17.s  00002B0489246630  Unknown               Unknown  Unknown
libmpi.so.12.0.0   00002B048A136AD5  Unknown               Unknown  Unknown
libmpi.so.12.0.0   00002B048A0BCAEC  Unknown               Unknown  Unknown
libmpi.so.12.0.0   00002B048A0A11FC  Unknown               Unknown  Unknown
libmpi.so.12.0.0   00002B048A081F1E  Unknown               Unknown  Unknown
libmpi.so.12.0.0   00002B048A14A12D  Unknown               Unknown  Unknown
libmpi.so.12.0.0   00002B048A064AD9  MPI_Bcast             Unknown  Unknown
libmpifort.so.12.  00002B0489C57924  pmpi_bcast            Unknown  Unknown
pw.x               0000000000EA97DD  mp_mp_mp_count_no        2869  mp.f90
pw.x               0000000000AC9A4A  mp_world_mp_mp_wo          84  mp_world.f90
pw.x               0000000000AC9546  mp_global_mp_mp_s          71  mp_global.f90
pw.x               000000000040EE00  MAIN__                     58  pwscf.f90
pw.x               000000000040ED92  Unknown               Unknown  Unknown
libc-2.17.so       00002B048B4B7555  __libc_start_main     Unknown  Unknown
pw.x               000000000040ECA9  Unknown               Unknown  Unknown
forrtl: error (69): process interrupted (SIGINT)
Image              PC                Routine            Line        Source             
pw.x               00000000015DD0FB  Unknown               Unknown  Unknown
libpthread-2.17.s  00002B0B6CE55630  Unknown               Unknown  Unknown
libmpi.so.12.0.0   00002B0B6DD45AD0  Unknown               Unknown  Unknown
libmpi.so.12.0.0   00002B0B6DCCBAEC  Unknown               Unknown  Unknown
libmpi.so.12.0.0   00002B0B6DCB01FC  Unknown               Unknown  Unknown
libmpi.so.12.0.0   00002B0B6DC90F1E  Unknown               Unknown  Unknown
libmpi.so.12.0.0   00002B0B6DD5912D  Unknown               Unknown  Unknown
libmpi.so.12.0.0   00002B0B6DC73AD9  MPI_Bcast             Unknown  Unknown
libmpifort.so.12.  00002B0B6D866924  pmpi_bcast            Unknown  Unknown
pw.x               0000000000EA97DD  mp_mp_mp_count_no        2869  mp.f90
pw.x               0000000000AC9A4A  mp_world_mp_mp_wo          84  mp_world.f90
pw.x               0000000000AC9546  mp_global_mp_mp_s          71  mp_global.f90
pw.x               000000000040EE00  MAIN__                     58  pwscf.f90
pw.x               000000000040ED92  Unknown               Unknown  Unknown
libc-2.17.so       00002B0B6F0C6555  __libc_start_main     Unknown  Unknown
pw.x               000000000040ECA9  Unknown               Unknown  Unknown
forrtl: error (69): process interrupted (SIGINT)
Image              PC                Routine            Line        Source             
pw.x               00000000015DD0FB  Unknown               Unknown  Unknown
libpthread-2.17.s  00002AE68030E630  Unknown               Unknown  Unknown
libmpi.so.12.0.0   00002AE6811FEAD0  Unknown               Unknown  Unknown
libmpi.so.12.0.0   00002AE681184AEC  Unknown               Unknown  Unknown
libmpi.so.12.0.0   00002AE6811691FC  Unknown               Unknown  Unknown
libmpi.so.12.0.0   00002AE681149F1E  Unknown               Unknown  Unknown
libmpi.so.12.0.0   00002AE68121212D  Unknown               Unknown  Unknown
libmpi.so.12.0.0   00002AE68112CAD9  MPI_Bcast             Unknown  Unknown
libmpifort.so.12.  00002AE680D1F924  pmpi_bcast            Unknown  Unknown
pw.x               0000000000EA97DD  mp_mp_mp_count_no        2869  mp.f90
pw.x               0000000000AC9A4A  mp_world_mp_mp_wo          84  mp_world.f90
pw.x               0000000000AC9546  mp_global_mp_mp_s          71  mp_global.f90
pw.x               000000000040EE00  MAIN__                     58  pwscf.f90
pw.x               000000000040ED92  Unknown               Unknown  Unknown
libc-2.17.so       00002AE68257F555  __libc_start_main     Unknown  Unknown
pw.x               000000000040ECA9  Unknown               Unknown  Unknown
forrtl: error (69): process interrupted (SIGINT)
Image              PC                Routine            Line        Source             
pw.x               00000000015DD0FB  Unknown               Unknown  Unknown
libpthread-2.17.s  00002AB12817D630  Unknown               Unknown  Unknown
libmpi.so.12.0.0   00002AB12906DAD0  Unknown               Unknown  Unknown
libmpi.so.12.0.0   00002AB128FF3AEC  Unknown               Unknown  Unknown
libmpi.so.12.0.0   00002AB128FD81FC  Unknown               Unknown  Unknown
libmpi.so.12.0.0   00002AB128FB8F1E  Unknown               Unknown  Unknown
libmpi.so.12.0.0   00002AB12908112D  Unknown               Unknown  Unknown
libmpi.so.12.0.0   00002AB128F9BAD9  MPI_Bcast             Unknown  Unknown
libmpifort.so.12.  00002AB128B8E924  pmpi_bcast            Unknown  Unknown
pw.x               0000000000EA97DD  mp_mp_mp_count_no        2869  mp.f90
pw.x               0000000000AC9A4A  mp_world_mp_mp_wo          84  mp_world.f90
pw.x               0000000000AC9546  mp_global_mp_mp_s          71  mp_global.f90
pw.x               000000000040EE00  MAIN__                     58  pwscf.f90
pw.x               000000000040ED92  Unknown               Unknown  Unknown
libc-2.17.so       00002AB12A3EE555  __libc_start_main     Unknown  Unknown
pw.x               000000000040ECA9  Unknown               Unknown  Unknown
forrtl: error (69): process interrupted (SIGINT)
Image              PC                Routine            Line        Source             
pw.x               00000000015DD0FB  Unknown               Unknown  Unknown
libpthread-2.17.s  00002AB0D2322630  Unknown               Unknown  Unknown
libmpi.so.12.0.0   00002AB0D3212AD5  Unknown               Unknown  Unknown
libmpi.so.12.0.0   00002AB0D3198AEC  Unknown               Unknown  Unknown
libmpi.so.12.0.0   00002AB0D317D1FC  Unknown               Unknown  Unknown
libmpi.so.12.0.0   00002AB0D315DF1E  Unknown               Unknown  Unknown
libmpi.so.12.0.0   00002AB0D322612D  Unknown               Unknown  Unknown
libmpi.so.12.0.0   00002AB0D3140AD9  MPI_Bcast             Unknown  Unknown
libmpifort.so.12.  00002AB0D2D33924  pmpi_bcast            Unknown  Unknown
pw.x               0000000000EA97DD  mp_mp_mp_count_no        2869  mp.f90
pw.x               0000000000AC9A4A  mp_world_mp_mp_wo          84  mp_world.f90
pw.x               0000000000AC9546  mp_global_mp_mp_s          71  mp_global.f90
pw.x               000000000040EE00  MAIN__                     58  pwscf.f90
pw.x               000000000040ED92  Unknown               Unknown  Unknown
libc-2.17.so       00002AB0D4593555  __libc_start_main     Unknown  Unknown
pw.x               000000000040ECA9  Unknown               Unknown  Unknown
forrtl: error (69): process interrupted (SIGINT)
Image              PC                Routine            Line        Source             
pw.x               00000000015DD0FB  Unknown               Unknown  Unknown
libpthread-2.17.s  00002B22A3189630  Unknown               Unknown  Unknown
libmpi.so.12.0.0   00002B22A4079AD0  Unknown               Unknown  Unknown
libmpi.so.12.0.0   00002B22A3FFFAEC  Unknown               Unknown  Unknown
libmpi.so.12.0.0   00002B22A3FE41FC  Unknown               Unknown  Unknown
libmpi.so.12.0.0   00002B22A3FC4F1E  Unknown               Unknown  Unknown
libmpi.so.12.0.0   00002B22A408D12D  Unknown               Unknown  Unknown
libmpi.so.12.0.0   00002B22A3FA7AD9  MPI_Bcast             Unknown  Unknown
libmpifort.so.12.  00002B22A3B9A924  pmpi_bcast            Unknown  Unknown
pw.x               0000000000EA97DD  mp_mp_mp_count_no        2869  mp.f90
pw.x               0000000000AC9A4A  mp_world_mp_mp_wo          84  mp_world.f90
pw.x               0000000000AC9546  mp_global_mp_mp_s          71  mp_global.f90
pw.x               000000000040EE00  MAIN__                     58  pwscf.f90
pw.x               000000000040ED92  Unknown               Unknown  Unknown
libc-2.17.so       00002B22A53FA555  __libc_start_main     Unknown  Unknown
pw.x               000000000040ECA9  Unknown               Unknown  Unknown
forrtl: error (69): process interrupted (SIGINT)
Image              PC                Routine            Line        Source             
pw.x               00000000015DD0FB  Unknown               Unknown  Unknown
libpthread-2.17.s  00002AB81A3C2630  Unknown               Unknown  Unknown
libmpi.so.12.0.0   00002AB81B2B2AD0  Unknown               Unknown  Unknown
libmpi.so.12.0.0   00002AB81B238AEC  Unknown               Unknown  Unknown
libmpi.so.12.0.0   00002AB81B21D1FC  Unknown               Unknown  Unknown
libmpi.so.12.0.0   00002AB81B1FDF1E  Unknown               Unknown  Unknown
libmpi.so.12.0.0   00002AB81B2C612D  Unknown               Unknown  Unknown
libmpi.so.12.0.0   00002AB81B1E0AD9  MPI_Bcast             Unknown  Unknown
libmpifort.so.12.  00002AB81ADD3924  pmpi_bcast            Unknown  Unknown
pw.x               0000000000EA97DD  mp_mp_mp_count_no        2869  mp.f90
pw.x               0000000000AC9A4A  mp_world_mp_mp_wo          84  mp_world.f90
pw.x               0000000000AC9546  mp_global_mp_mp_s          71  mp_global.f90
pw.x               000000000040EE00  MAIN__                     58  pwscf.f90
pw.x               000000000040ED92  Unknown               Unknown  Unknown
libc-2.17.so       00002AB81C633555  __libc_start_main     Unknown  Unknown
pw.x               000000000040ECA9  Unknown               Unknown  Unknown
forrtl: error (69): process interrupted (SIGINT)
Image              PC                Routine            Line        Source             
pw.x               00000000015DD0FB  Unknown               Unknown  Unknown
libpthread-2.17.s  00002B16D04A0630  Unknown               Unknown  Unknown
libmpi.so.12.0.0   00002B16D1390AD5  Unknown               Unknown  Unknown
libmpi.so.12.0.0   00002B16D1316AEC  Unknown               Unknown  Unknown
libmpi.so.12.0.0   00002B16D12FB1FC  Unknown               Unknown  Unknown
libmpi.so.12.0.0   00002B16D12DBF1E  Unknown               Unknown  Unknown
libmpi.so.12.0.0   00002B16D13A412D  Unknown               Unknown  Unknown
libmpi.so.12.0.0   00002B16D12BEAD9  MPI_Bcast             Unknown  Unknown
libmpifort.so.12.  00002B16D0EB1924  pmpi_bcast            Unknown  Unknown
pw.x               0000000000EA97DD  mp_mp_mp_count_no        2869  mp.f90
pw.x               0000000000AC9A4A  mp_world_mp_mp_wo          84  mp_world.f90
pw.x               0000000000AC9546  mp_global_mp_mp_s          71  mp_global.f90
pw.x               000000000040EE00  MAIN__                     58  pwscf.f90
pw.x               000000000040ED92  Unknown               Unknown  Unknown
libc-2.17.so       00002B16D2711555  __libc_start_main     Unknown  Unknown
pw.x               000000000040ECA9  Unknown               Unknown  Unknown
forrtl: error (69): process interrupted (SIGINT)
Image              PC                Routine            Line        Source             
pw.x               00000000015DD0FB  Unknown               Unknown  Unknown
libpthread-2.17.s  00002ABFBE8A4630  Unknown               Unknown  Unknown
libmpi.so.12.0.0   00002ABFBF794AD0  Unknown               Unknown  Unknown
libmpi.so.12.0.0   00002ABFBF71AAEC  Unknown               Unknown  Unknown
libmpi.so.12.0.0   00002ABFBF6FF1FC  Unknown               Unknown  Unknown
libmpi.so.12.0.0   00002ABFBF6DFF1E  Unknown               Unknown  Unknown
libmpi.so.12.0.0   00002ABFBF7A812D  Unknown               Unknown  Unknown
libmpi.so.12.0.0   00002ABFBF6C2AD9  MPI_Bcast             Unknown  Unknown
libmpifort.so.12.  00002ABFBF2B5924  pmpi_bcast            Unknown  Unknown
pw.x               0000000000EA97DD  mp_mp_mp_count_no        2869  mp.f90
pw.x               0000000000AC9A4A  mp_world_mp_mp_wo          84  mp_world.f90
pw.x               0000000000AC9546  mp_global_mp_mp_s          71  mp_global.f90
pw.x               000000000040EE00  MAIN__                     58  pwscf.f90
pw.x               000000000040ED92  Unknown               Unknown  Unknown
libc-2.17.so       00002ABFC0B15555  __libc_start_main     Unknown  Unknown
pw.x               000000000040ECA9  Unknown               Unknown  Unknown
forrtl: error (69): process interrupted (SIGINT)
Image              PC                Routine            Line        Source             
pw.x               00000000015DD0FB  Unknown               Unknown  Unknown
libpthread-2.17.s  00002AC01B6D1630  Unknown               Unknown  Unknown
libmpi.so.12.0.0   00002AC01C5C1AD0  Unknown               Unknown  Unknown
libmpi.so.12.0.0   00002AC01C547AEC  Unknown               Unknown  Unknown
libmpi.so.12.0.0   00002AC01C52C1FC  Unknown               Unknown  Unknown
libmpi.so.12.0.0   00002AC01C50CF1E  Unknown               Unknown  Unknown
libmpi.so.12.0.0   00002AC01C5D512D  Unknown               Unknown  Unknown
libmpi.so.12.0.0   00002AC01C4EFAD9  MPI_Bcast             Unknown  Unknown
libmpifort.so.12.  00002AC01C0E2924  pmpi_bcast            Unknown  Unknown
pw.x               0000000000EA97DD  mp_mp_mp_count_no        2869  mp.f90
pw.x               0000000000AC9A4A  mp_world_mp_mp_wo          84  mp_world.f90
pw.x               0000000000AC9546  mp_global_mp_mp_s          71  mp_global.f90
pw.x               000000000040EE00  MAIN__                     58  pwscf.f90
pw.x               000000000040ED92  Unknown               Unknown  Unknown
libc-2.17.so       00002AC01D942555  __libc_start_main     Unknown  Unknown
pw.x               000000000040ECA9  Unknown               Unknown  Unknown
forrtl: error (69): process interrupted (SIGINT)
Image              PC                Routine            Line        Source             
pw.x               00000000015DD0FB  Unknown               Unknown  Unknown
libpthread-2.17.s  00002AF624A0B630  Unknown               Unknown  Unknown
libmpi.so.12.0.0   00002AF6258FBAD0  Unknown               Unknown  Unknown
libmpi.so.12.0.0   00002AF625881AEC  Unknown               Unknown  Unknown
libmpi.so.12.0.0   00002AF6258661FC  Unknown               Unknown  Unknown
libmpi.so.12.0.0   00002AF625846F1E  Unknown               Unknown  Unknown
libmpi.so.12.0.0   00002AF62590F12D  Unknown               Unknown  Unknown
libmpi.so.12.0.0   00002AF625829AD9  MPI_Bcast             Unknown  Unknown
libmpifort.so.12.  00002AF62541C924  pmpi_bcast            Unknown  Unknown
pw.x               0000000000EA97DD  mp_mp_mp_count_no        2869  mp.f90
pw.x               0000000000AC9A4A  mp_world_mp_mp_wo          84  mp_world.f90
pw.x               0000000000AC9546  mp_global_mp_mp_s          71  mp_global.f90
pw.x               000000000040EE00  MAIN__                     58  pwscf.f90
pw.x               000000000040ED92  Unknown               Unknown  Unknown
libc-2.17.so       00002AF626C7C555  __libc_start_main     Unknown  Unknown
pw.x               000000000040ECA9  Unknown               Unknown  Unknown
forrtl: error (69): process interrupted (SIGINT)
Image              PC                Routine            Line        Source             
pw.x               00000000015DD0FB  Unknown               Unknown  Unknown
libpthread-2.17.s  00002B3C265A4630  Unknown               Unknown  Unknown
libmpi.so.12.0.0   00002B3C278C5F63  Unknown               Unknown  Unknown
libmpi.so.12.0.0   00002B3C278E448D  Unknown               Unknown  Unknown
libmpi.so.12.0.0   00002B3C2743605F  Unknown               Unknown  Unknown
libmpi.so.12.0.0   00002B3C27497887  Unknown               Unknown  Unknown
libmpi.so.12.0.0   00002B3C27494B2D  Unknown               Unknown  Unknown
libmpi.so.12.0.0   00002B3C2741AAEC  Unknown               Unknown  Unknown
libmpi.so.12.0.0   00002B3C273FF1FC  Unknown               Unknown  Unknown
libmpi.so.12.0.0   00002B3C273DFF1E  Unknown               Unknown  Unknown
libmpi.so.12.0.0   00002B3C274A812D  Unknown               Unknown  Unknown
libmpi.so.12.0.0   00002B3C273C2AD9  MPI_Bcast             Unknown  Unknown
libmpifort.so.12.  00002B3C26FB5924  pmpi_bcast            Unknown  Unknown
pw.x               0000000000EA97DD  mp_mp_mp_count_no        2869  mp.f90
pw.x               0000000000AC9A4A  mp_world_mp_mp_wo          84  mp_world.f90
pw.x               0000000000AC9546  mp_global_mp_mp_s          71  mp_global.f90
pw.x               000000000040EE00  MAIN__                     58  pwscf.f90
pw.x               000000000040ED92  Unknown               Unknown  Unknown
libc-2.17.so       00002B3C28815555  __libc_start_main     Unknown  Unknown
pw.x               000000000040ECA9  Unknown               Unknown  Unknown
TACC:  MPI job exited with code: 1 
TACC:  Shutdown complete. Exiting. 
